Started GET "/" for ::1 at 2023-11-29 14:29:36 +0600
Processing by Rails::WelcomeController#index as HTML
  Rendering /Users/macbookair/.asdf/installs/ruby/3.1.2/lib/ruby/gems/3.1.0/gems/railties-7.0.8/lib/rails/templates/rails/welcome/index.html.erb
  Rendered /Users/macbookair/.asdf/installs/ruby/3.1.2/lib/ruby/gems/3.1.0/gems/railties-7.0.8/lib/rails/templates/rails/welcome/index.html.erb (Duration: 8.4ms | Allocations: 636)
Completed 200 OK in 180ms (Views: 24.5ms | ActiveRecord: 0.0ms | Allocations: 7094)


Started GET "/" for ::1 at 2023-12-03 04:05:13 +0600
Processing by Rails::WelcomeController#index as HTML
  Rendering /Users/macbookair/.asdf/installs/ruby/3.1.2/lib/ruby/gems/3.1.0/gems/railties-7.0.8/lib/rails/templates/rails/welcome/index.html.erb
  Rendered /Users/macbookair/.asdf/installs/ruby/3.1.2/lib/ruby/gems/3.1.0/gems/railties-7.0.8/lib/rails/templates/rails/welcome/index.html.erb (Duration: 5.8ms | Allocations: 528)
Completed 200 OK in 51ms (Views: 16.3ms | ActiveRecord: 0.0ms | Allocations: 4477)


Started GET "/" for ::1 at 2023-12-03 09:38:19 +0600
  [1m[35m (7.1ms)[0m  [1m[35mCREATE TABLE "schema_migrations" ("version" varchar NOT NULL PRIMARY KEY)[0m
  [1m[35m (2.7ms)[0m  [1m[35mCREATE TABLE "ar_internal_metadata" ("key" varchar NOT NULL PRIMARY KEY, "value" varchar, "created_at" datetime(6) NOT NULL, "updated_at" datetime(6) NOT NULL)[0m
  [1m[36mActiveRecord::SchemaMigration Pluck (1.3ms)[0m  [1m[34mSELECT "schema_migrations"."version" FROM "schema_migrations" ORDER BY "schema_migrations"."version" ASC[0m
  
ActiveRecord::PendingMigrationError (

Migrations are pending. To resolve this issue, run:

        bin/rails db:migrate RAILS_ENV=development

You have 1 pending migration:

20231202221059_create_entries.rb


):
  
activerecord (7.0.8) lib/active_record/migration.rb:662:in `check_pending!'
activerecord (7.0.8) lib/active_record/migration.rb:627:in `block (2 levels) in call'
activesupport (7.0.8) lib/active_support/file_update_checker.rb:83:in `execute'
activesupport (7.0.8) lib/active_support/file_update_checker.rb:93:in `execute_if_updated'
activerecord (7.0.8) lib/active_record/migration.rb:634:in `block in call'
activerecord (7.0.8) lib/active_record/migration.rb:624:in `synchronize'
activerecord (7.0.8) lib/active_record/migration.rb:624:in `call'
actionpack (7.0.8) lib/action_dispatch/middleware/callbacks.rb:27:in `block in call'
activesupport (7.0.8) lib/active_support/callbacks.rb:99:in `run_callbacks'
actionpack (7.0.8) lib/action_dispatch/middleware/callbacks.rb:26:in `call'
actionpack (7.0.8) lib/action_dispatch/middleware/executor.rb:14:in `call'
actionpack (7.0.8) lib/action_dispatch/middleware/actionable_exceptions.rb:17:in `call'
actionpack (7.0.8) lib/action_dispatch/middleware/debug_exceptions.rb:28:in `call'
web-console (4.2.1) lib/web_console/middleware.rb:132:in `call_app'
web-console (4.2.1) lib/web_console/middleware.rb:28:in `block in call'
web-console (4.2.1) lib/web_console/middleware.rb:17:in `catch'
web-console (4.2.1) lib/web_console/middleware.rb:17:in `call'
actionpack (7.0.8) lib/action_dispatch/middleware/show_exceptions.rb:29:in `call'
railties (7.0.8) lib/rails/rack/logger.rb:40:in `call_app'
railties (7.0.8) lib/rails/rack/logger.rb:25:in `block in call'
activesupport (7.0.8) lib/active_support/tagged_logging.rb:99:in `block in tagged'
activesupport (7.0.8) lib/active_support/tagged_logging.rb:37:in `tagged'
activesupport (7.0.8) lib/active_support/tagged_logging.rb:99:in `tagged'
railties (7.0.8) lib/rails/rack/logger.rb:25:in `call'
sprockets-rails (3.4.2) lib/sprockets/rails/quiet_assets.rb:13:in `call'
actionpack (7.0.8) lib/action_dispatch/middleware/remote_ip.rb:93:in `call'
actionpack (7.0.8) lib/action_dispatch/middleware/request_id.rb:26:in `call'
rack (2.2.8) lib/rack/method_override.rb:24:in `call'
rack (2.2.8) lib/rack/runtime.rb:22:in `call'
activesupport (7.0.8) lib/active_support/cache/strategy/local_cache_middleware.rb:29:in `call'
actionpack (7.0.8) lib/action_dispatch/middleware/server_timing.rb:61:in `block in call'
actionpack (7.0.8) lib/action_dispatch/middleware/server_timing.rb:26:in `collect_events'
actionpack (7.0.8) lib/action_dispatch/middleware/server_timing.rb:60:in `call'
actionpack (7.0.8) lib/action_dispatch/middleware/executor.rb:14:in `call'
actionpack (7.0.8) lib/action_dispatch/middleware/static.rb:23:in `call'
rack (2.2.8) lib/rack/sendfile.rb:110:in `call'
actionpack (7.0.8) lib/action_dispatch/middleware/host_authorization.rb:138:in `call'
railties (7.0.8) lib/rails/engine.rb:530:in `call'
puma (5.6.7) lib/puma/configuration.rb:252:in `call'
puma (5.6.7) lib/puma/request.rb:77:in `block in handle_request'
puma (5.6.7) lib/puma/thread_pool.rb:340:in `with_force_shutdown'
puma (5.6.7) lib/puma/request.rb:76:in `handle_request'
puma (5.6.7) lib/puma/server.rb:443:in `process_client'
puma (5.6.7) lib/puma/thread_pool.rb:147:in `block in spawn_thread'
Started GET "/" for ::1 at 2023-12-06 21:07:32 +0600
  [1m[36mActiveRecord::SchemaMigration Pluck (1.5ms)[0m  [1m[34mSELECT "schema_migrations"."version" FROM "schema_migrations" ORDER BY "schema_migrations"."version" ASC[0m
  [1m[36mCACHE ActiveRecord::SchemaMigration Pluck (0.0ms)[0m  [1m[34mSELECT "schema_migrations"."version" FROM "schema_migrations" ORDER BY "schema_migrations"."version" ASC[0m
  
ActiveRecord::PendingMigrationError (

Migrations are pending. To resolve this issue, run:

        bin/rails db:migrate RAILS_ENV=development

You have 1 pending migration:

20231202221059_create_entries.rb


):
  
activerecord (7.0.8) lib/active_record/migration.rb:662:in `check_pending!'
activerecord (7.0.8) lib/active_record/migration.rb:627:in `block (2 levels) in call'
activesupport (7.0.8) lib/active_support/file_update_checker.rb:83:in `execute'
activerecord (7.0.8) lib/active_record/migration.rb:632:in `block in call'
activerecord (7.0.8) lib/active_record/migration.rb:624:in `synchronize'
activerecord (7.0.8) lib/active_record/migration.rb:624:in `call'
actionpack (7.0.8) lib/action_dispatch/middleware/callbacks.rb:27:in `block in call'
activesupport (7.0.8) lib/active_support/callbacks.rb:99:in `run_callbacks'
actionpack (7.0.8) lib/action_dispatch/middleware/callbacks.rb:26:in `call'
actionpack (7.0.8) lib/action_dispatch/middleware/executor.rb:14:in `call'
actionpack (7.0.8) lib/action_dispatch/middleware/actionable_exceptions.rb:17:in `call'
actionpack (7.0.8) lib/action_dispatch/middleware/debug_exceptions.rb:28:in `call'
web-console (4.2.1) lib/web_console/middleware.rb:132:in `call_app'
web-console (4.2.1) lib/web_console/middleware.rb:28:in `block in call'
web-console (4.2.1) lib/web_console/middleware.rb:17:in `catch'
web-console (4.2.1) lib/web_console/middleware.rb:17:in `call'
actionpack (7.0.8) lib/action_dispatch/middleware/show_exceptions.rb:29:in `call'
railties (7.0.8) lib/rails/rack/logger.rb:40:in `call_app'
railties (7.0.8) lib/rails/rack/logger.rb:25:in `block in call'
activesupport (7.0.8) lib/active_support/tagged_logging.rb:99:in `block in tagged'
activesupport (7.0.8) lib/active_support/tagged_logging.rb:37:in `tagged'
activesupport (7.0.8) lib/active_support/tagged_logging.rb:99:in `tagged'
railties (7.0.8) lib/rails/rack/logger.rb:25:in `call'
sprockets-rails (3.4.2) lib/sprockets/rails/quiet_assets.rb:13:in `call'
actionpack (7.0.8) lib/action_dispatch/middleware/remote_ip.rb:93:in `call'
actionpack (7.0.8) lib/action_dispatch/middleware/request_id.rb:26:in `call'
rack (2.2.8) lib/rack/method_override.rb:24:in `call'
rack (2.2.8) lib/rack/runtime.rb:22:in `call'
activesupport (7.0.8) lib/active_support/cache/strategy/local_cache_middleware.rb:29:in `call'
actionpack (7.0.8) lib/action_dispatch/middleware/server_timing.rb:61:in `block in call'
actionpack (7.0.8) lib/action_dispatch/middleware/server_timing.rb:26:in `collect_events'
actionpack (7.0.8) lib/action_dispatch/middleware/server_timing.rb:60:in `call'
actionpack (7.0.8) lib/action_dispatch/middleware/executor.rb:14:in `call'
actionpack (7.0.8) lib/action_dispatch/middleware/static.rb:23:in `call'
rack (2.2.8) lib/rack/sendfile.rb:110:in `call'
actionpack (7.0.8) lib/action_dispatch/middleware/host_authorization.rb:138:in `call'
railties (7.0.8) lib/rails/engine.rb:530:in `call'
puma (5.6.7) lib/puma/configuration.rb:252:in `call'
puma (5.6.7) lib/puma/request.rb:77:in `block in handle_request'
puma (5.6.7) lib/puma/thread_pool.rb:340:in `with_force_shutdown'
puma (5.6.7) lib/puma/request.rb:76:in `handle_request'
puma (5.6.7) lib/puma/server.rb:443:in `process_client'
puma (5.6.7) lib/puma/thread_pool.rb:147:in `block in spawn_thread'
Started GET "/" for ::1 at 2023-12-06 21:08:14 +0600
  [1m[36mActiveRecord::SchemaMigration Pluck (0.2ms)[0m  [1m[34mSELECT "schema_migrations"."version" FROM "schema_migrations" ORDER BY "schema_migrations"."version" ASC[0m
  [1m[36mCACHE ActiveRecord::SchemaMigration Pluck (0.0ms)[0m  [1m[34mSELECT "schema_migrations"."version" FROM "schema_migrations" ORDER BY "schema_migrations"."version" ASC[0m
  
ActiveRecord::PendingMigrationError (

Migrations are pending. To resolve this issue, run:

        bin/rails db:migrate RAILS_ENV=development

You have 1 pending migration:

20231202221059_create_entries.rb


):
  
activerecord (7.0.8) lib/active_record/migration.rb:662:in `check_pending!'
activerecord (7.0.8) lib/active_record/migration.rb:627:in `block (2 levels) in call'
activesupport (7.0.8) lib/active_support/file_update_checker.rb:83:in `execute'
activerecord (7.0.8) lib/active_record/migration.rb:632:in `block in call'
activerecord (7.0.8) lib/active_record/migration.rb:624:in `synchronize'
activerecord (7.0.8) lib/active_record/migration.rb:624:in `call'
actionpack (7.0.8) lib/action_dispatch/middleware/callbacks.rb:27:in `block in call'
activesupport (7.0.8) lib/active_support/callbacks.rb:99:in `run_callbacks'
actionpack (7.0.8) lib/action_dispatch/middleware/callbacks.rb:26:in `call'
actionpack (7.0.8) lib/action_dispatch/middleware/executor.rb:14:in `call'
actionpack (7.0.8) lib/action_dispatch/middleware/actionable_exceptions.rb:17:in `call'
actionpack (7.0.8) lib/action_dispatch/middleware/debug_exceptions.rb:28:in `call'
web-console (4.2.1) lib/web_console/middleware.rb:132:in `call_app'
web-console (4.2.1) lib/web_console/middleware.rb:28:in `block in call'
web-console (4.2.1) lib/web_console/middleware.rb:17:in `catch'
web-console (4.2.1) lib/web_console/middleware.rb:17:in `call'
actionpack (7.0.8) lib/action_dispatch/middleware/show_exceptions.rb:29:in `call'
railties (7.0.8) lib/rails/rack/logger.rb:40:in `call_app'
railties (7.0.8) lib/rails/rack/logger.rb:25:in `block in call'
activesupport (7.0.8) lib/active_support/tagged_logging.rb:99:in `block in tagged'
activesupport (7.0.8) lib/active_support/tagged_logging.rb:37:in `tagged'
activesupport (7.0.8) lib/active_support/tagged_logging.rb:99:in `tagged'
railties (7.0.8) lib/rails/rack/logger.rb:25:in `call'
sprockets-rails (3.4.2) lib/sprockets/rails/quiet_assets.rb:13:in `call'
actionpack (7.0.8) lib/action_dispatch/middleware/remote_ip.rb:93:in `call'
actionpack (7.0.8) lib/action_dispatch/middleware/request_id.rb:26:in `call'
rack (2.2.8) lib/rack/method_override.rb:24:in `call'
rack (2.2.8) lib/rack/runtime.rb:22:in `call'
activesupport (7.0.8) lib/active_support/cache/strategy/local_cache_middleware.rb:29:in `call'
actionpack (7.0.8) lib/action_dispatch/middleware/server_timing.rb:61:in `block in call'
actionpack (7.0.8) lib/action_dispatch/middleware/server_timing.rb:26:in `collect_events'
actionpack (7.0.8) lib/action_dispatch/middleware/server_timing.rb:60:in `call'
actionpack (7.0.8) lib/action_dispatch/middleware/executor.rb:14:in `call'
actionpack (7.0.8) lib/action_dispatch/middleware/static.rb:23:in `call'
rack (2.2.8) lib/rack/sendfile.rb:110:in `call'
actionpack (7.0.8) lib/action_dispatch/middleware/host_authorization.rb:138:in `call'
railties (7.0.8) lib/rails/engine.rb:530:in `call'
puma (5.6.7) lib/puma/configuration.rb:252:in `call'
puma (5.6.7) lib/puma/request.rb:77:in `block in handle_request'
puma (5.6.7) lib/puma/thread_pool.rb:340:in `with_force_shutdown'
puma (5.6.7) lib/puma/request.rb:76:in `handle_request'
puma (5.6.7) lib/puma/server.rb:443:in `process_client'
puma (5.6.7) lib/puma/thread_pool.rb:147:in `block in spawn_thread'
Started GET "/" for ::1 at 2023-12-06 21:08:18 +0600
  [1m[36mActiveRecord::SchemaMigration Pluck (0.1ms)[0m  [1m[34mSELECT "schema_migrations"."version" FROM "schema_migrations" ORDER BY "schema_migrations"."version" ASC[0m
  [1m[36mCACHE ActiveRecord::SchemaMigration Pluck (0.0ms)[0m  [1m[34mSELECT "schema_migrations"."version" FROM "schema_migrations" ORDER BY "schema_migrations"."version" ASC[0m
  
ActiveRecord::PendingMigrationError (

Migrations are pending. To resolve this issue, run:

        bin/rails db:migrate RAILS_ENV=development

You have 1 pending migration:

20231202221059_create_entries.rb


):
  
activerecord (7.0.8) lib/active_record/migration.rb:662:in `check_pending!'
activerecord (7.0.8) lib/active_record/migration.rb:627:in `block (2 levels) in call'
activesupport (7.0.8) lib/active_support/file_update_checker.rb:83:in `execute'
activerecord (7.0.8) lib/active_record/migration.rb:632:in `block in call'
activerecord (7.0.8) lib/active_record/migration.rb:624:in `synchronize'
activerecord (7.0.8) lib/active_record/migration.rb:624:in `call'
actionpack (7.0.8) lib/action_dispatch/middleware/callbacks.rb:27:in `block in call'
activesupport (7.0.8) lib/active_support/callbacks.rb:99:in `run_callbacks'
actionpack (7.0.8) lib/action_dispatch/middleware/callbacks.rb:26:in `call'
actionpack (7.0.8) lib/action_dispatch/middleware/executor.rb:14:in `call'
actionpack (7.0.8) lib/action_dispatch/middleware/actionable_exceptions.rb:17:in `call'
actionpack (7.0.8) lib/action_dispatch/middleware/debug_exceptions.rb:28:in `call'
web-console (4.2.1) lib/web_console/middleware.rb:132:in `call_app'
web-console (4.2.1) lib/web_console/middleware.rb:28:in `block in call'
web-console (4.2.1) lib/web_console/middleware.rb:17:in `catch'
web-console (4.2.1) lib/web_console/middleware.rb:17:in `call'
actionpack (7.0.8) lib/action_dispatch/middleware/show_exceptions.rb:29:in `call'
railties (7.0.8) lib/rails/rack/logger.rb:40:in `call_app'
railties (7.0.8) lib/rails/rack/logger.rb:25:in `block in call'
activesupport (7.0.8) lib/active_support/tagged_logging.rb:99:in `block in tagged'
activesupport (7.0.8) lib/active_support/tagged_logging.rb:37:in `tagged'
activesupport (7.0.8) lib/active_support/tagged_logging.rb:99:in `tagged'
railties (7.0.8) lib/rails/rack/logger.rb:25:in `call'
sprockets-rails (3.4.2) lib/sprockets/rails/quiet_assets.rb:13:in `call'
actionpack (7.0.8) lib/action_dispatch/middleware/remote_ip.rb:93:in `call'
actionpack (7.0.8) lib/action_dispatch/middleware/request_id.rb:26:in `call'
rack (2.2.8) lib/rack/method_override.rb:24:in `call'
rack (2.2.8) lib/rack/runtime.rb:22:in `call'
activesupport (7.0.8) lib/active_support/cache/strategy/local_cache_middleware.rb:29:in `call'
actionpack (7.0.8) lib/action_dispatch/middleware/server_timing.rb:61:in `block in call'
actionpack (7.0.8) lib/action_dispatch/middleware/server_timing.rb:26:in `collect_events'
actionpack (7.0.8) lib/action_dispatch/middleware/server_timing.rb:60:in `call'
actionpack (7.0.8) lib/action_dispatch/middleware/executor.rb:14:in `call'
actionpack (7.0.8) lib/action_dispatch/middleware/static.rb:23:in `call'
rack (2.2.8) lib/rack/sendfile.rb:110:in `call'
actionpack (7.0.8) lib/action_dispatch/middleware/host_authorization.rb:138:in `call'
railties (7.0.8) lib/rails/engine.rb:530:in `call'
puma (5.6.7) lib/puma/configuration.rb:252:in `call'
puma (5.6.7) lib/puma/request.rb:77:in `block in handle_request'
puma (5.6.7) lib/puma/thread_pool.rb:340:in `with_force_shutdown'
puma (5.6.7) lib/puma/request.rb:76:in `handle_request'
puma (5.6.7) lib/puma/server.rb:443:in `process_client'
puma (5.6.7) lib/puma/thread_pool.rb:147:in `block in spawn_thread'
Started GET "/" for ::1 at 2023-12-06 21:08:19 +0600
  [1m[36mActiveRecord::SchemaMigration Pluck (0.1ms)[0m  [1m[34mSELECT "schema_migrations"."version" FROM "schema_migrations" ORDER BY "schema_migrations"."version" ASC[0m
  [1m[36mCACHE ActiveRecord::SchemaMigration Pluck (0.0ms)[0m  [1m[34mSELECT "schema_migrations"."version" FROM "schema_migrations" ORDER BY "schema_migrations"."version" ASC[0m
  
ActiveRecord::PendingMigrationError (

Migrations are pending. To resolve this issue, run:

        bin/rails db:migrate RAILS_ENV=development

You have 1 pending migration:

20231202221059_create_entries.rb


):
  
activerecord (7.0.8) lib/active_record/migration.rb:662:in `check_pending!'
activerecord (7.0.8) lib/active_record/migration.rb:627:in `block (2 levels) in call'
activesupport (7.0.8) lib/active_support/file_update_checker.rb:83:in `execute'
activerecord (7.0.8) lib/active_record/migration.rb:632:in `block in call'
activerecord (7.0.8) lib/active_record/migration.rb:624:in `synchronize'
activerecord (7.0.8) lib/active_record/migration.rb:624:in `call'
actionpack (7.0.8) lib/action_dispatch/middleware/callbacks.rb:27:in `block in call'
activesupport (7.0.8) lib/active_support/callbacks.rb:99:in `run_callbacks'
actionpack (7.0.8) lib/action_dispatch/middleware/callbacks.rb:26:in `call'
actionpack (7.0.8) lib/action_dispatch/middleware/executor.rb:14:in `call'
actionpack (7.0.8) lib/action_dispatch/middleware/actionable_exceptions.rb:17:in `call'
actionpack (7.0.8) lib/action_dispatch/middleware/debug_exceptions.rb:28:in `call'
web-console (4.2.1) lib/web_console/middleware.rb:132:in `call_app'
web-console (4.2.1) lib/web_console/middleware.rb:28:in `block in call'
web-console (4.2.1) lib/web_console/middleware.rb:17:in `catch'
web-console (4.2.1) lib/web_console/middleware.rb:17:in `call'
actionpack (7.0.8) lib/action_dispatch/middleware/show_exceptions.rb:29:in `call'
railties (7.0.8) lib/rails/rack/logger.rb:40:in `call_app'
railties (7.0.8) lib/rails/rack/logger.rb:25:in `block in call'
activesupport (7.0.8) lib/active_support/tagged_logging.rb:99:in `block in tagged'
activesupport (7.0.8) lib/active_support/tagged_logging.rb:37:in `tagged'
activesupport (7.0.8) lib/active_support/tagged_logging.rb:99:in `tagged'
railties (7.0.8) lib/rails/rack/logger.rb:25:in `call'
sprockets-rails (3.4.2) lib/sprockets/rails/quiet_assets.rb:13:in `call'
actionpack (7.0.8) lib/action_dispatch/middleware/remote_ip.rb:93:in `call'
actionpack (7.0.8) lib/action_dispatch/middleware/request_id.rb:26:in `call'
rack (2.2.8) lib/rack/method_override.rb:24:in `call'
rack (2.2.8) lib/rack/runtime.rb:22:in `call'
activesupport (7.0.8) lib/active_support/cache/strategy/local_cache_middleware.rb:29:in `call'
actionpack (7.0.8) lib/action_dispatch/middleware/server_timing.rb:61:in `block in call'
actionpack (7.0.8) lib/action_dispatch/middleware/server_timing.rb:26:in `collect_events'
actionpack (7.0.8) lib/action_dispatch/middleware/server_timing.rb:60:in `call'
actionpack (7.0.8) lib/action_dispatch/middleware/executor.rb:14:in `call'
actionpack (7.0.8) lib/action_dispatch/middleware/static.rb:23:in `call'
rack (2.2.8) lib/rack/sendfile.rb:110:in `call'
actionpack (7.0.8) lib/action_dispatch/middleware/host_authorization.rb:138:in `call'
railties (7.0.8) lib/rails/engine.rb:530:in `call'
puma (5.6.7) lib/puma/configuration.rb:252:in `call'
puma (5.6.7) lib/puma/request.rb:77:in `block in handle_request'
puma (5.6.7) lib/puma/thread_pool.rb:340:in `with_force_shutdown'
puma (5.6.7) lib/puma/request.rb:76:in `handle_request'
puma (5.6.7) lib/puma/server.rb:443:in `process_client'
puma (5.6.7) lib/puma/thread_pool.rb:147:in `block in spawn_thread'
Started GET "/" for ::1 at 2023-12-06 21:08:22 +0600
  [1m[36mActiveRecord::SchemaMigration Pluck (0.1ms)[0m  [1m[34mSELECT "schema_migrations"."version" FROM "schema_migrations" ORDER BY "schema_migrations"."version" ASC[0m
  [1m[36mCACHE ActiveRecord::SchemaMigration Pluck (0.0ms)[0m  [1m[34mSELECT "schema_migrations"."version" FROM "schema_migrations" ORDER BY "schema_migrations"."version" ASC[0m
  
ActiveRecord::PendingMigrationError (

Migrations are pending. To resolve this issue, run:

        bin/rails db:migrate RAILS_ENV=development

You have 1 pending migration:

20231202221059_create_entries.rb


):
  
activerecord (7.0.8) lib/active_record/migration.rb:662:in `check_pending!'
activerecord (7.0.8) lib/active_record/migration.rb:627:in `block (2 levels) in call'
activesupport (7.0.8) lib/active_support/file_update_checker.rb:83:in `execute'
activerecord (7.0.8) lib/active_record/migration.rb:632:in `block in call'
activerecord (7.0.8) lib/active_record/migration.rb:624:in `synchronize'
activerecord (7.0.8) lib/active_record/migration.rb:624:in `call'
actionpack (7.0.8) lib/action_dispatch/middleware/callbacks.rb:27:in `block in call'
activesupport (7.0.8) lib/active_support/callbacks.rb:99:in `run_callbacks'
actionpack (7.0.8) lib/action_dispatch/middleware/callbacks.rb:26:in `call'
actionpack (7.0.8) lib/action_dispatch/middleware/executor.rb:14:in `call'
actionpack (7.0.8) lib/action_dispatch/middleware/actionable_exceptions.rb:17:in `call'
actionpack (7.0.8) lib/action_dispatch/middleware/debug_exceptions.rb:28:in `call'
web-console (4.2.1) lib/web_console/middleware.rb:132:in `call_app'
web-console (4.2.1) lib/web_console/middleware.rb:28:in `block in call'
web-console (4.2.1) lib/web_console/middleware.rb:17:in `catch'
web-console (4.2.1) lib/web_console/middleware.rb:17:in `call'
actionpack (7.0.8) lib/action_dispatch/middleware/show_exceptions.rb:29:in `call'
railties (7.0.8) lib/rails/rack/logger.rb:40:in `call_app'
railties (7.0.8) lib/rails/rack/logger.rb:25:in `block in call'
activesupport (7.0.8) lib/active_support/tagged_logging.rb:99:in `block in tagged'
activesupport (7.0.8) lib/active_support/tagged_logging.rb:37:in `tagged'
activesupport (7.0.8) lib/active_support/tagged_logging.rb:99:in `tagged'
railties (7.0.8) lib/rails/rack/logger.rb:25:in `call'
sprockets-rails (3.4.2) lib/sprockets/rails/quiet_assets.rb:13:in `call'
actionpack (7.0.8) lib/action_dispatch/middleware/remote_ip.rb:93:in `call'
actionpack (7.0.8) lib/action_dispatch/middleware/request_id.rb:26:in `call'
rack (2.2.8) lib/rack/method_override.rb:24:in `call'
rack (2.2.8) lib/rack/runtime.rb:22:in `call'
activesupport (7.0.8) lib/active_support/cache/strategy/local_cache_middleware.rb:29:in `call'
actionpack (7.0.8) lib/action_dispatch/middleware/server_timing.rb:61:in `block in call'
actionpack (7.0.8) lib/action_dispatch/middleware/server_timing.rb:26:in `collect_events'
actionpack (7.0.8) lib/action_dispatch/middleware/server_timing.rb:60:in `call'
actionpack (7.0.8) lib/action_dispatch/middleware/executor.rb:14:in `call'
actionpack (7.0.8) lib/action_dispatch/middleware/static.rb:23:in `call'
rack (2.2.8) lib/rack/sendfile.rb:110:in `call'
actionpack (7.0.8) lib/action_dispatch/middleware/host_authorization.rb:138:in `call'
railties (7.0.8) lib/rails/engine.rb:530:in `call'
puma (5.6.7) lib/puma/configuration.rb:252:in `call'
puma (5.6.7) lib/puma/request.rb:77:in `block in handle_request'
puma (5.6.7) lib/puma/thread_pool.rb:340:in `with_force_shutdown'
puma (5.6.7) lib/puma/request.rb:76:in `handle_request'
puma (5.6.7) lib/puma/server.rb:443:in `process_client'
puma (5.6.7) lib/puma/thread_pool.rb:147:in `block in spawn_thread'
Started GET "/" for ::1 at 2023-12-06 21:08:23 +0600
  [1m[36mActiveRecord::SchemaMigration Pluck (0.1ms)[0m  [1m[34mSELECT "schema_migrations"."version" FROM "schema_migrations" ORDER BY "schema_migrations"."version" ASC[0m
  [1m[36mCACHE ActiveRecord::SchemaMigration Pluck (0.0ms)[0m  [1m[34mSELECT "schema_migrations"."version" FROM "schema_migrations" ORDER BY "schema_migrations"."version" ASC[0m
  
ActiveRecord::PendingMigrationError (

Migrations are pending. To resolve this issue, run:

        bin/rails db:migrate RAILS_ENV=development

You have 1 pending migration:

20231202221059_create_entries.rb


):
  
activerecord (7.0.8) lib/active_record/migration.rb:662:in `check_pending!'
activerecord (7.0.8) lib/active_record/migration.rb:627:in `block (2 levels) in call'
activesupport (7.0.8) lib/active_support/file_update_checker.rb:83:in `execute'
activerecord (7.0.8) lib/active_record/migration.rb:632:in `block in call'
activerecord (7.0.8) lib/active_record/migration.rb:624:in `synchronize'
activerecord (7.0.8) lib/active_record/migration.rb:624:in `call'
actionpack (7.0.8) lib/action_dispatch/middleware/callbacks.rb:27:in `block in call'
activesupport (7.0.8) lib/active_support/callbacks.rb:99:in `run_callbacks'
actionpack (7.0.8) lib/action_dispatch/middleware/callbacks.rb:26:in `call'
actionpack (7.0.8) lib/action_dispatch/middleware/executor.rb:14:in `call'
actionpack (7.0.8) lib/action_dispatch/middleware/actionable_exceptions.rb:17:in `call'
actionpack (7.0.8) lib/action_dispatch/middleware/debug_exceptions.rb:28:in `call'
web-console (4.2.1) lib/web_console/middleware.rb:132:in `call_app'
web-console (4.2.1) lib/web_console/middleware.rb:28:in `block in call'
web-console (4.2.1) lib/web_console/middleware.rb:17:in `catch'
web-console (4.2.1) lib/web_console/middleware.rb:17:in `call'
actionpack (7.0.8) lib/action_dispatch/middleware/show_exceptions.rb:29:in `call'
railties (7.0.8) lib/rails/rack/logger.rb:40:in `call_app'
railties (7.0.8) lib/rails/rack/logger.rb:25:in `block in call'
activesupport (7.0.8) lib/active_support/tagged_logging.rb:99:in `block in tagged'
activesupport (7.0.8) lib/active_support/tagged_logging.rb:37:in `tagged'
activesupport (7.0.8) lib/active_support/tagged_logging.rb:99:in `tagged'
railties (7.0.8) lib/rails/rack/logger.rb:25:in `call'
sprockets-rails (3.4.2) lib/sprockets/rails/quiet_assets.rb:13:in `call'
actionpack (7.0.8) lib/action_dispatch/middleware/remote_ip.rb:93:in `call'
actionpack (7.0.8) lib/action_dispatch/middleware/request_id.rb:26:in `call'
rack (2.2.8) lib/rack/method_override.rb:24:in `call'
rack (2.2.8) lib/rack/runtime.rb:22:in `call'
activesupport (7.0.8) lib/active_support/cache/strategy/local_cache_middleware.rb:29:in `call'
actionpack (7.0.8) lib/action_dispatch/middleware/server_timing.rb:61:in `block in call'
actionpack (7.0.8) lib/action_dispatch/middleware/server_timing.rb:26:in `collect_events'
actionpack (7.0.8) lib/action_dispatch/middleware/server_timing.rb:60:in `call'
actionpack (7.0.8) lib/action_dispatch/middleware/executor.rb:14:in `call'
actionpack (7.0.8) lib/action_dispatch/middleware/static.rb:23:in `call'
rack (2.2.8) lib/rack/sendfile.rb:110:in `call'
actionpack (7.0.8) lib/action_dispatch/middleware/host_authorization.rb:138:in `call'
railties (7.0.8) lib/rails/engine.rb:530:in `call'
puma (5.6.7) lib/puma/configuration.rb:252:in `call'
puma (5.6.7) lib/puma/request.rb:77:in `block in handle_request'
puma (5.6.7) lib/puma/thread_pool.rb:340:in `with_force_shutdown'
puma (5.6.7) lib/puma/request.rb:76:in `handle_request'
puma (5.6.7) lib/puma/server.rb:443:in `process_client'
puma (5.6.7) lib/puma/thread_pool.rb:147:in `block in spawn_thread'
  [1m[36mActiveRecord::SchemaMigration Pluck (0.2ms)[0m  [1m[34mSELECT "schema_migrations"."version" FROM "schema_migrations" ORDER BY "schema_migrations"."version" ASC[0m
Migrating to CreateEntries (20231202221059)
  [1m[36mTRANSACTION (0.1ms)[0m  [1m[36mbegin transaction[0m
  [1m[35m (2.0ms)[0m  [1m[35mCREATE TABLE "entries" ("id" integer PRIMARY KEY AUTOINCREMENT NOT NULL, "meal_type" varchar, "calories" integer, "carbohydrates" integer, "protiens" integer, "fats" integer, "created_at" datetime(6) NOT NULL, "updated_at" datetime(6) NOT NULL)[0m
  [1m[36mActiveRecord::SchemaMigration Create (1.4ms)[0m  [1m[32mINSERT INTO "schema_migrations" ("version") VALUES (?)[0m  [["version", "20231202221059"]]
  [1m[36mTRANSACTION (2.2ms)[0m  [1m[36mcommit transaction[0m
  [1m[36mActiveRecord::InternalMetadata Load (1.5ms)[0m  [1m[34mSELECT "ar_internal_metadata".* FROM "ar_internal_metadata" WHERE "ar_internal_metadata"."key" = ? LIMIT ?[0m  [["key", "environment"], ["LIMIT", 1]]
  [1m[36mTRANSACTION (0.1ms)[0m  [1m[36mbegin transaction[0m
  [1m[36mActiveRecord::InternalMetadata Create (1.9ms)[0m  [1m[32mINSERT INTO "ar_internal_metadata" ("key", "value", "created_at", "updated_at") VALUES (?, ?, ?, ?)[0m  [["key", "environment"], ["value", "development"], ["created_at", "2023-12-06 15:09:11.370344"], ["updated_at", "2023-12-06 15:09:11.370344"]]
  [1m[36mTRANSACTION (1.9ms)[0m  [1m[36mcommit transaction[0m
  [1m[36mActiveRecord::SchemaMigration Pluck (0.1ms)[0m  [1m[34mSELECT "schema_migrations"."version" FROM "schema_migrations" ORDER BY "schema_migrations"."version" ASC[0m
Started GET "/" for ::1 at 2023-12-06 21:09:18 +0600
  [1m[36mActiveRecord::SchemaMigration Pluck (1.0ms)[0m  [1m[34mSELECT "schema_migrations"."version" FROM "schema_migrations" ORDER BY "schema_migrations"."version" ASC[0m
Processing by Rails::WelcomeController#index as HTML
  Rendering /Users/macbookair/.asdf/installs/ruby/3.1.2/lib/ruby/gems/3.1.0/gems/railties-7.0.8/lib/rails/templates/rails/welcome/index.html.erb
  Rendered /Users/macbookair/.asdf/installs/ruby/3.1.2/lib/ruby/gems/3.1.0/gems/railties-7.0.8/lib/rails/templates/rails/welcome/index.html.erb (Duration: 3.1ms | Allocations: 307)
Completed 200 OK in 18ms (Views: 5.0ms | ActiveRecord: 0.0ms | Allocations: 2435)


Started GET "/rails/info/routes" for ::1 at 2023-12-06 21:12:19 +0600
Processing by Rails::InfoController#routes as HTML
  Rendering layout /Users/macbookair/.asdf/installs/ruby/3.1.2/lib/ruby/gems/3.1.0/gems/railties-7.0.8/lib/rails/templates/layouts/application.html.erb
  Rendering /Users/macbookair/.asdf/installs/ruby/3.1.2/lib/ruby/gems/3.1.0/gems/railties-7.0.8/lib/rails/templates/rails/info/routes.html.erb within layouts/application
  Rendered collection of /Users/macbookair/.asdf/installs/ruby/3.1.2/lib/ruby/gems/3.1.0/gems/actionpack-7.0.8/lib/action_dispatch/middleware/templates/routes/_route.html.erb [38 times] (Duration: 12.5ms | Allocations: 6140)
  Rendered /Users/macbookair/.asdf/installs/ruby/3.1.2/lib/ruby/gems/3.1.0/gems/actionpack-7.0.8/lib/action_dispatch/middleware/templates/routes/_table.html.erb (Duration: 10.2ms | Allocations: 1318)
  Rendered /Users/macbookair/.asdf/installs/ruby/3.1.2/lib/ruby/gems/3.1.0/gems/railties-7.0.8/lib/rails/templates/rails/info/routes.html.erb within layouts/application (Duration: 33.1ms | Allocations: 12042)
  Rendered layout /Users/macbookair/.asdf/installs/ruby/3.1.2/lib/ruby/gems/3.1.0/gems/railties-7.0.8/lib/rails/templates/layouts/application.html.erb (Duration: 34.3ms | Allocations: 12356)
Completed 200 OK in 42ms (Views: 36.3ms | ActiveRecord: 0.0ms | Allocations: 13483)


Started GET "/" for ::1 at 2023-12-06 21:29:56 +0600
Processing by Rails::WelcomeController#index as HTML
  Rendering /Users/macbookair/.asdf/installs/ruby/3.1.2/lib/ruby/gems/3.1.0/gems/railties-7.0.8/lib/rails/templates/rails/welcome/index.html.erb
  Rendered /Users/macbookair/.asdf/installs/ruby/3.1.2/lib/ruby/gems/3.1.0/gems/railties-7.0.8/lib/rails/templates/rails/welcome/index.html.erb (Duration: 1.9ms | Allocations: 295)
Completed 200 OK in 6ms (Views: 3.4ms | ActiveRecord: 0.0ms | Allocations: 1064)


Started GET "/" for ::1 at 2023-12-06 21:30:37 +0600
Processing by Rails::WelcomeController#index as HTML
  Rendering /Users/macbookair/.asdf/installs/ruby/3.1.2/lib/ruby/gems/3.1.0/gems/railties-7.0.8/lib/rails/templates/rails/welcome/index.html.erb
  Rendered /Users/macbookair/.asdf/installs/ruby/3.1.2/lib/ruby/gems/3.1.0/gems/railties-7.0.8/lib/rails/templates/rails/welcome/index.html.erb (Duration: 0.1ms | Allocations: 15)
Completed 200 OK in 1ms (Views: 0.5ms | ActiveRecord: 0.0ms | Allocations: 246)


Started GET "/" for ::1 at 2023-12-06 21:31:29 +0600
  [1m[36mActiveRecord::SchemaMigration Pluck (1.3ms)[0m  [1m[34mSELECT "schema_migrations"."version" FROM "schema_migrations" ORDER BY "schema_migrations"."version" ASC[0m
Processing by Rails::WelcomeController#index as HTML
  Rendering /Users/macbookair/.asdf/installs/ruby/3.1.2/lib/ruby/gems/3.1.0/gems/railties-7.0.8/lib/rails/templates/rails/welcome/index.html.erb
  Rendered /Users/macbookair/.asdf/installs/ruby/3.1.2/lib/ruby/gems/3.1.0/gems/railties-7.0.8/lib/rails/templates/rails/welcome/index.html.erb (Duration: 3.3ms | Allocations: 528)
Completed 200 OK in 46ms (Views: 12.7ms | ActiveRecord: 0.0ms | Allocations: 4489)


Started GET "/" for ::1 at 2023-12-06 21:32:33 +0600
Processing by EntriesController#index as HTML
  Rendering layout layouts/application.html.erb
  Rendering entries/index.html.erb within layouts/application
  [1m[36mEntry Load (1.3ms)[0m  [1m[34mSELECT "entries".* FROM "entries"[0m
  ↳ app/views/entries/index.html.erb:6
  Rendered entries/index.html.erb within layouts/application (Duration: 11.3ms | Allocations: 1537)
  Rendered layout layouts/application.html.erb (Duration: 2334.8ms | Allocations: 89473)
Completed 200 OK in 2345ms (Views: 2336.0ms | ActiveRecord: 1.6ms | Allocations: 91418)


Started GET "/entries/new" for ::1 at 2023-12-06 21:32:42 +0600
Processing by EntriesController#new as HTML
  Rendering layout layouts/application.html.erb
  Rendering entries/new.html.erb within layouts/application
  Rendered entries/_form.html.erb (Duration: 20.9ms | Allocations: 3798)
  Rendered entries/new.html.erb within layouts/application (Duration: 23.2ms | Allocations: 4152)
  Rendered layout layouts/application.html.erb (Duration: 26.6ms | Allocations: 6469)
Completed 200 OK in 42ms (Views: 27.2ms | ActiveRecord: 0.6ms | Allocations: 12663)


Started GET "/" for ::1 at 2023-12-06 21:37:58 +0600
Processing by EntriesController#index as HTML
  Rendering layout layouts/application.html.erb
  Rendering entries/index.html.erb within layouts/application
  [1m[36mEntry Load (0.3ms)[0m  [1m[34mSELECT "entries".* FROM "entries"[0m
  ↳ app/views/entries/index.html.erb:6
  Rendered entries/index.html.erb within layouts/application (Duration: 10.4ms | Allocations: 1179)
  Rendered layout layouts/application.html.erb (Duration: 43.8ms | Allocations: 3766)
Completed 200 OK in 60ms (Views: 52.7ms | ActiveRecord: 0.3ms | Allocations: 4766)


Started GET "/" for ::1 at 2023-12-06 21:39:36 +0600
Processing by EntriesController#index as HTML
  Rendering layout layouts/application.html.erb
  Rendering entries/index.html.erb within layouts/application
  [1m[36mEntry Load (0.1ms)[0m  [1m[34mSELECT "entries".* FROM "entries"[0m
  ↳ app/views/entries/index.html.erb:6
  Rendered entries/index.html.erb within layouts/application (Duration: 8.3ms | Allocations: 1181)
  Rendered layout layouts/application.html.erb (Duration: 20.7ms | Allocations: 3768)
Completed 200 OK in 32ms (Views: 28.0ms | ActiveRecord: 0.1ms | Allocations: 4728)


Started GET "/entries/new" for ::1 at 2023-12-06 21:39:42 +0600
Processing by EntriesController#new as HTML
  Rendering layout layouts/application.html.erb
  Rendering entries/new.html.erb within layouts/application
  Rendered entries/_form.html.erb (Duration: 6.3ms | Allocations: 2155)
  Rendered entries/new.html.erb within layouts/application (Duration: 8.7ms | Allocations: 2440)
  Rendered layout layouts/application.html.erb (Duration: 13.2ms | Allocations: 4633)
Completed 200 OK in 15ms (Views: 14.0ms | ActiveRecord: 0.0ms | Allocations: 4998)


Started GET "/" for ::1 at 2023-12-06 23:22:01 +0600
Processing by EntriesController#index as HTML
  Rendering layout layouts/application.html.erb
  Rendering entries/index.html.erb within layouts/application
  [1m[36mEntry Load (1.3ms)[0m  [1m[34mSELECT "entries".* FROM "entries"[0m
  ↳ app/views/entries/index.html.erb:6
  Rendered entries/index.html.erb within layouts/application (Duration: 6.7ms | Allocations: 921)
  Rendered layout layouts/application.html.erb (Duration: 21.3ms | Allocations: 3114)
Completed 200 OK in 25ms (Views: 20.7ms | ActiveRecord: 1.6ms | Allocations: 3388)


Started GET "/" for ::1 at 2023-12-06 23:23:45 +0600
  [1m[36mActiveRecord::SchemaMigration Pluck (0.8ms)[0m  [1m[34mSELECT "schema_migrations"."version" FROM "schema_migrations" ORDER BY "schema_migrations"."version" ASC[0m
Processing by EntriesController#index as HTML
  Rendering layout layouts/application.html.erb
  Rendering entries/index.html.erb within layouts/application
  [1m[36mEntry Load (0.2ms)[0m  [1m[34mSELECT "entries".* FROM "entries"[0m
  ↳ app/views/entries/index.html.erb:6
  Rendered entries/index.html.erb within layouts/application (Duration: 11.1ms | Allocations: 1768)
  Rendered layout layouts/application.html.erb (Duration: 206.5ms | Allocations: 36605)
Completed 200 OK in 252ms (Views: 215.6ms | ActiveRecord: 0.2ms | Allocations: 41523)


Started GET "/entries/new" for ::1 at 2023-12-06 23:23:47 +0600
Processing by EntriesController#new as HTML
  Rendering layout layouts/application.html.erb
  Rendering entries/new.html.erb within layouts/application
  Rendered entries/_form.html.erb (Duration: 26.2ms | Allocations: 3488)
  Rendered entries/new.html.erb within layouts/application (Duration: 34.7ms | Allocations: 3842)
  Rendered layout layouts/application.html.erb (Duration: 41.1ms | Allocations: 6163)
Completed 200 OK in 58ms (Views: 43.3ms | ActiveRecord: 0.6ms | Allocations: 12388)


Started GET "/entries" for ::1 at 2023-12-06 23:23:52 +0600
Processing by EntriesController#index as HTML
  Rendering layout layouts/application.html.erb
  Rendering entries/index.html.erb within layouts/application
  [1m[36mEntry Load (0.1ms)[0m  [1m[34mSELECT "entries".* FROM "entries"[0m
  ↳ app/views/entries/index.html.erb:6
  Rendered entries/index.html.erb within layouts/application (Duration: 1.9ms | Allocations: 819)
  Rendered layout layouts/application.html.erb (Duration: 5.7ms | Allocations: 3013)
Completed 200 OK in 7ms (Views: 6.1ms | ActiveRecord: 0.1ms | Allocations: 3334)


Started GET "/entries" for ::1 at 2023-12-07 13:34:08 +0600
Processing by EntriesController#index as HTML
  Rendering layout layouts/application.html.erb
  Rendering entries/index.html.erb within layouts/application
  [1m[36mEntry Load (1.8ms)[0m  [1m[34mSELECT "entries".* FROM "entries"[0m
  ↳ app/views/entries/index.html.erb:6
  Rendered entries/index.html.erb within layouts/application (Duration: 15.7ms | Allocations: 926)
  Rendered layout layouts/application.html.erb (Duration: 49.2ms | Allocations: 3118)
Completed 200 OK in 65ms (Views: 49.6ms | ActiveRecord: 2.6ms | Allocations: 3389)


Started GET "/entries" for ::1 at 2023-12-07 13:34:09 +0600
Processing by EntriesController#index as HTML
  Rendering layout layouts/application.html.erb
  Rendering entries/index.html.erb within layouts/application
  [1m[36mEntry Load (0.2ms)[0m  [1m[34mSELECT "entries".* FROM "entries"[0m
  ↳ app/views/entries/index.html.erb:6
  Rendered entries/index.html.erb within layouts/application (Duration: 3.7ms | Allocations: 733)
  Rendered layout layouts/application.html.erb (Duration: 10.8ms | Allocations: 2925)
Completed 200 OK in 12ms (Views: 11.2ms | ActiveRecord: 0.2ms | Allocations: 3196)


Started GET "/entries/new" for ::1 at 2023-12-07 13:34:11 +0600
Processing by EntriesController#new as HTML
  Rendering layout layouts/application.html.erb
  Rendering entries/new.html.erb within layouts/application
  Rendered entries/_form.html.erb (Duration: 4.9ms | Allocations: 1630)
  Rendered entries/new.html.erb within layouts/application (Duration: 5.5ms | Allocations: 1721)
  Rendered layout layouts/application.html.erb (Duration: 9.8ms | Allocations: 3913)
Completed 200 OK in 11ms (Views: 10.3ms | ActiveRecord: 0.0ms | Allocations: 4197)


Started GET "/entries" for ::1 at 2023-12-07 13:56:30 +0600
Processing by EntriesController#index as HTML
  Rendering layout layouts/application.html.erb
  Rendering entries/index.html.erb within layouts/application
  [1m[36mEntry Load (0.1ms)[0m  [1m[34mSELECT "entries".* FROM "entries"[0m
  ↳ app/views/entries/index.html.erb:6
  Rendered entries/index.html.erb within layouts/application (Duration: 2.7ms | Allocations: 889)
  Rendered layout layouts/application.html.erb (Duration: 13.2ms | Allocations: 3082)
Completed 200 OK in 18ms (Views: 13.8ms | ActiveRecord: 0.5ms | Allocations: 3360)


Started GET "/entries" for ::1 at 2023-12-07 14:01:25 +0600
Processing by EntriesController#index as HTML
  Rendering layout layouts/application.html.erb
  Rendering entries/index.html.erb within layouts/application
  [1m[36mEntry Load (0.1ms)[0m  [1m[34mSELECT "entries".* FROM "entries"[0m
  ↳ app/views/entries/index.html.erb:6
  Rendered entries/index.html.erb within layouts/application (Duration: 4.8ms | Allocations: 1160)
  Rendered layout layouts/application.html.erb (Duration: 12.6ms | Allocations: 3746)
Completed 200 OK in 21ms (Views: 17.7ms | ActiveRecord: 0.1ms | Allocations: 4707)


Started GET "/entries" for ::1 at 2023-12-07 14:01:26 +0600
Processing by EntriesController#index as HTML
  Rendering layout layouts/application.html.erb
  Rendering entries/index.html.erb within layouts/application
  [1m[36mEntry Load (0.2ms)[0m  [1m[34mSELECT "entries".* FROM "entries"[0m
  ↳ app/views/entries/index.html.erb:6
  Rendered entries/index.html.erb within layouts/application (Duration: 3.2ms | Allocations: 732)
  Rendered layout layouts/application.html.erb (Duration: 7.1ms | Allocations: 2924)
Completed 200 OK in 9ms (Views: 7.7ms | ActiveRecord: 0.2ms | Allocations: 3217)


Started GET "/entries" for ::1 at 2023-12-07 14:01:26 +0600
Processing by EntriesController#index as HTML
  Rendering layout layouts/application.html.erb
  Rendering entries/index.html.erb within layouts/application
  [1m[36mEntry Load (0.1ms)[0m  [1m[34mSELECT "entries".* FROM "entries"[0m
  ↳ app/views/entries/index.html.erb:6
  Rendered entries/index.html.erb within layouts/application (Duration: 1.6ms | Allocations: 757)
  Rendered layout layouts/application.html.erb (Duration: 5.1ms | Allocations: 2950)
Completed 200 OK in 6ms (Views: 5.7ms | ActiveRecord: 0.1ms | Allocations: 3228)


Started GET "/entries" for ::1 at 2023-12-07 14:01:26 +0600
Processing by EntriesController#index as HTML
  Rendering layout layouts/application.html.erb
  Rendering entries/index.html.erb within layouts/application
  [1m[36mEntry Load (0.1ms)[0m  [1m[34mSELECT "entries".* FROM "entries"[0m
  ↳ app/views/entries/index.html.erb:6
  Rendered entries/index.html.erb within layouts/application (Duration: 1.9ms | Allocations: 726)
  Rendered layout layouts/application.html.erb (Duration: 7.8ms | Allocations: 2918)
Completed 200 OK in 9ms (Views: 8.3ms | ActiveRecord: 0.1ms | Allocations: 3189)


Started GET "/entries" for ::1 at 2023-12-07 14:01:27 +0600
Processing by EntriesController#index as HTML
  Rendering layout layouts/application.html.erb
  Rendering entries/index.html.erb within layouts/application
  [1m[36mEntry Load (0.1ms)[0m  [1m[34mSELECT "entries".* FROM "entries"[0m
  ↳ app/views/entries/index.html.erb:6
  Rendered entries/index.html.erb within layouts/application (Duration: 1.7ms | Allocations: 747)
  Rendered layout layouts/application.html.erb (Duration: 6.5ms | Allocations: 2939)
Completed 200 OK in 8ms (Views: 7.5ms | ActiveRecord: 0.1ms | Allocations: 3210)


Started GET "/entries" for ::1 at 2023-12-07 14:01:27 +0600
Processing by EntriesController#index as HTML
  Rendering layout layouts/application.html.erb
  Rendering entries/index.html.erb within layouts/application
  [1m[36mEntry Load (0.1ms)[0m  [1m[34mSELECT "entries".* FROM "entries"[0m
  ↳ app/views/entries/index.html.erb:6
  Rendered entries/index.html.erb within layouts/application (Duration: 2.0ms | Allocations: 744)
  Rendered layout layouts/application.html.erb (Duration: 6.1ms | Allocations: 2936)
Completed 200 OK in 7ms (Views: 6.6ms | ActiveRecord: 0.1ms | Allocations: 3207)


Started GET "/entries" for ::1 at 2023-12-07 14:01:40 +0600
Processing by EntriesController#index as HTML
  Rendering layout layouts/application.html.erb
  Rendering entries/index.html.erb within layouts/application
  [1m[36mEntry Load (0.1ms)[0m  [1m[34mSELECT "entries".* FROM "entries"[0m
  ↳ app/views/entries/index.html.erb:6
  Rendered entries/index.html.erb within layouts/application (Duration: 2.6ms | Allocations: 1175)
  Rendered shared/_header.html.erb (Duration: 0.4ms | Allocations: 99)
  Rendered layout layouts/application.html.erb (Duration: 10.7ms | Allocations: 4102)
Completed 200 OK in 16ms (Views: 13.7ms | ActiveRecord: 0.1ms | Allocations: 5039)


Started GET "/entries" for ::1 at 2023-12-07 14:01:40 +0600
Processing by EntriesController#index as HTML
  Rendering layout layouts/application.html.erb
  Rendering entries/index.html.erb within layouts/application
  [1m[36mEntry Load (0.1ms)[0m  [1m[34mSELECT "entries".* FROM "entries"[0m
  ↳ app/views/entries/index.html.erb:6
  Rendered entries/index.html.erb within layouts/application (Duration: 1.9ms | Allocations: 744)
  Rendered shared/_header.html.erb (Duration: 0.0ms | Allocations: 9)
  Rendered layout layouts/application.html.erb (Duration: 7.0ms | Allocations: 3010)
Completed 200 OK in 8ms (Views: 7.5ms | ActiveRecord: 0.1ms | Allocations: 3303)


Started GET "/entries" for ::1 at 2023-12-07 14:39:43 +0600
Processing by EntriesController#index as HTML
  Rendering layout layouts/application.html.erb
  Rendering entries/index.html.erb within layouts/application
  [1m[36mEntry Load (0.2ms)[0m  [1m[34mSELECT "entries".* FROM "entries"[0m
  ↳ app/views/entries/index.html.erb:6
  Rendered entries/index.html.erb within layouts/application (Duration: 2.3ms | Allocations: 935)
  Rendered shared/_header.html.erb (Duration: 0.1ms | Allocations: 9)
  Rendered layout layouts/application.html.erb (Duration: 17.0ms | Allocations: 3197)
Completed 200 OK in 20ms (Views: 17.1ms | ActiveRecord: 0.4ms | Allocations: 3468)


